<?xml version="1.0" encoding="utf-8"?><testsuites name="pytest tests"><testsuite name="pytest" errors="0" failures="0" skipped="0" tests="11" time="2.481" timestamp="2026-06-12T22:40:26.515826+00:00" hostname="agent-env-b32788e0-8751-4104-bba5-557f21a2b3fb"><testcase classname="backend.tests.test_iteration2_member_creation.TestSetup" name="test_admin_login_and_pick_plan" time="0.359" /><testcase classname="backend.tests.test_iteration2_member_creation.TestSetup" name="test_register_member_for_rbac" time="0.171" /><testcase classname="backend.tests.test_iteration2_member_creation.TestCreateMember" name="test_create_member_with_plan_and_cash" time="0.304" /><testcase classname="backend.tests.test_iteration2_member_creation.TestCreateMember" name="test_temp_password_lets_member_login" time="0.131" /><testcase classname="backend.tests.test_iteration2_member_creation.TestCreateMember" name="test_create_member_without_plan" time="0.171" /><testcase classname="backend.tests.test_iteration2_member_creation.TestCreateMember" name="test_duplicate_email_rejected" time="0.145" /><testcase classname="backend.tests.test_iteration2_member_creation.TestCreateMember" name="test_member_token_forbidden" time="0.153" /><testcase classname="backend.tests.test_iteration2_member_creation.TestCreateMember" name="test_create_member_plan_no_cash" time="0.135" /><testcase classname="backend.tests.test_iteration2_member_creation.TestSubscriptionMarkPaidFlag" name="test_create_subscription_with_mark_paid_true" time="0.199" /><testcase classname="backend.tests.test_iteration2_member_creation.TestSubscriptionMarkPaidFlag" name="test_create_subscription_mark_paid_false_default" time="0.263" /><testcase classname="backend.tests.test_iteration2_member_creation.TestMemberBookingSanity" name="test_cash_member_can_view_schedule" time="0.370" /></testsuite></testsuites>