<?xml version="1.0" encoding="utf-8"?><testsuites name="pytest tests"><testsuite name="pytest" errors="0" failures="0" skipped="0" tests="38" time="5.966" timestamp="2026-06-12T22:25:56.240761+00:00" hostname="agent-env-b32788e0-8751-4104-bba5-557f21a2b3fb"><testcase classname="backend.tests.test_anam_mma_api.TestAuth" name="test_admin_login" time="0.292" /><testcase classname="backend.tests.test_anam_mma_api.TestAuth" name="test_coach_login" time="0.167" /><testcase classname="backend.tests.test_anam_mma_api.TestAuth" name="test_register_member_open" time="0.184" /><testcase classname="backend.tests.test_anam_mma_api.TestAuth" name="test_auth_me" time="0.153" /><testcase classname="backend.tests.test_anam_mma_api.TestAuth" name="test_accept_waiver" time="0.204" /><testcase classname="backend.tests.test_anam_mma_api.TestAuth" name="test_login_bad_password" time="0.177" /><testcase classname="backend.tests.test_anam_mma_api.TestAuth" name="test_no_token_401" time="0.130" /><testcase classname="backend.tests.test_anam_mma_api.TestSettings" name="test_get_settings_public" time="0.104" /><testcase classname="backend.tests.test_anam_mma_api.TestSettings" name="test_update_settings_admin" time="0.101" /><testcase classname="backend.tests.test_anam_mma_api.TestSettings" name="test_settings_forbidden_member" time="0.095" /><testcase classname="backend.tests.test_anam_mma_api.TestRBAC" name="test_member_cannot_list_users" time="0.108" /><testcase classname="backend.tests.test_anam_mma_api.TestRBAC" name="test_member_cannot_dashboard" time="0.108" /><testcase classname="backend.tests.test_anam_mma_api.TestRBAC" name="test_member_cannot_create_plan" time="0.095" /><testcase classname="backend.tests.test_anam_mma_api.TestRBAC" name="test_member_cannot_export" time="0.114" /><testcase classname="backend.tests.test_anam_mma_api.TestPlansSubs" name="test_list_plans" time="0.098" /><testcase classname="backend.tests.test_anam_mma_api.TestPlansSubs" name="test_create_plan_admin" time="0.100" /><testcase classname="backend.tests.test_anam_mma_api.TestPlansSubs" name="test_create_subscription" time="0.123" /><testcase classname="backend.tests.test_anam_mma_api.TestPlansSubs" name="test_mark_paid_creates_payment" time="0.207" /><testcase classname="backend.tests.test_anam_mma_api.TestPlansSubs" name="test_receipt" time="0.096" /><testcase classname="backend.tests.test_anam_mma_api.TestPlansSubs" name="test_freeze_resume_extends_end_date" time="0.334" /><testcase classname="backend.tests.test_anam_mma_api.TestScheduleBookings" name="test_schedule_returns_seeded_classes" time="0.216" /><testcase classname="backend.tests.test_anam_mma_api.TestScheduleBookings" name="test_create_booking" time="0.103" /><testcase classname="backend.tests.test_anam_mma_api.TestScheduleBookings" name="test_duplicate_booking_rejected" time="0.105" /><testcase classname="backend.tests.test_anam_mma_api.TestScheduleBookings" name="test_my_bookings_includes_new" time="0.093" /><testcase classname="backend.tests.test_anam_mma_api.TestScheduleBookings" name="test_coach_roster" time="0.095" /><testcase classname="backend.tests.test_anam_mma_api.TestScheduleBookings" name="test_coach_checkin" time="0.099" /><testcase classname="backend.tests.test_anam_mma_api.TestScheduleBookings" name="test_cancel_booking" time="0.333" /><testcase classname="backend.tests.test_anam_mma_api.TestGuest" name="test_guest_booking_no_auth" time="0.287" /><testcase classname="backend.tests.test_anam_mma_api.TestGuest" name="test_public_class_endpoint" time="0.095" /><testcase classname="backend.tests.test_anam_mma_api.TestPrivateSessions" name="test_member_creates_request" time="0.103" /><testcase classname="backend.tests.test_anam_mma_api.TestPrivateSessions" name="test_coach_confirms" time="0.104" /><testcase classname="backend.tests.test_anam_mma_api.TestAnnouncements" name="test_create_announcement_all" time="0.143" /><testcase classname="backend.tests.test_anam_mma_api.TestAnnouncements" name="test_member_notifications_received" time="0.095" /><testcase classname="backend.tests.test_anam_mma_api.TestAdmin" name="test_dashboard" time="0.099" /><testcase classname="backend.tests.test_anam_mma_api.TestAdmin" name="test_export_members" time="0.115" /><testcase classname="backend.tests.test_anam_mma_api.TestAdmin" name="test_export_payments" time="0.138" /><testcase classname="backend.tests.test_anam_mma_api.TestAdmin" name="test_list_users" time="0.097" /><testcase classname="backend.tests.test_anam_mma_api.TestAdmin" name="test_class_cancel_date_notifies" time="0.548" /></testsuite></testsuites>